Using pre-set license
Built from '2020.3/staging' branch; Version is '2020.3.30f1 (1fb1bf06830e) revision 2077119'; Using compiler version '192528614'; Build Type 'Release'
OS: 'Windows 10  (10.0.19043) 64bit Professional' Language: 'en' Physical Memory: 16167 MB
BatchMode: 1, IsHumanControllingUs: 0, StartBugReporterOnCrash: 0, Is64bit: 1, IsPro: 0

COMMAND LINE ARGUMENTS:
C:\Program Files\Unity 2020.3.30f1\Editor\Unity.exe
-adb2
-batchMode
-noUpm
-name
AssetImportWorker0
-projectPath
D:/UnityFaces/IS
-logFile
Logs/AssetImportWorker0.log
-srvPort
49827
Successfully changed project path to: D:/UnityFaces/IS
D:/UnityFaces/IS
Using Asset Import Pipeline V2.
Refreshing native plugins compatible for Editor in 25.65 ms, found 2 plugins.
Preloading 0 native plugins for Editor in 0.00 ms.
Initialize engine version: 2020.3.30f1 (1fb1bf06830e)
[Subsystems] Discovering subsystems at path C:/Program Files/Unity 2020.3.30f1/Editor/Data/Resources/UnitySubsystems
[Subsystems] Discovering subsystems at path D:/UnityFaces/IS/Assets
GfxDevice: creating device client; threaded=0
Direct3D:
    Version:  Direct3D 11.0 [level 11.1]
    Renderer: NVIDIA GeForce GTX 1650 (ID=0x1f9d)
    Vendor:   
    VRAM:     3965 MB
    Driver:   30.0.15.1236
Initialize mono
Mono path[0] = 'C:/Program Files/Unity 2020.3.30f1/Editor/Data/Managed'
Mono path[1] = 'C:/Program Files/Unity 2020.3.30f1/Editor/Data/MonoBleedingEdge/lib/mono/unityjit'
Mono config path = 'C:/Program Files/Unity 2020.3.30f1/Editor/Data/MonoBleedingEdge/etc'
Using monoOptions --debugger-agent=transport=dt_socket,embedding=1,server=y,suspend=n,address=127.0.0.1:56740
Begin MonoManager ReloadAssembly
Registering precompiled unity dll's ...
Register platform support module: C:/Program Files/Unity 2020.3.30f1/Editor/Data/PlaybackEngines/WindowsStandaloneSupport/UnityEditor.WindowsStandalone.Extensions.dll
Registered in 0.001553 seconds.
Native extension for WindowsStandalone target not found
Refreshing native plugins compatible for Editor in 27.70 ms, found 2 plugins.
Preloading 0 native plugins for Editor in 0.00 ms.
Mono: successfully reloaded assembly
- Completed reload, in  0.451 seconds
Domain Reload Profiling:
	ReloadAssembly (451ms)
		BeginReloadAssembly (49ms)
			ExecutionOrderSort (0ms)
			DisableScriptedObjects (0ms)
			BackupInstance (0ms)
			ReleaseScriptingObjects (0ms)
			CreateAndSetChildDomain (1ms)
		EndReloadAssembly (345ms)
			LoadAssemblies (48ms)
			RebuildTransferFunctionScriptingTraits (0ms)
			SetupTypeCache (114ms)
			ReleaseScriptCaches (0ms)
			RebuildScriptCaches (26ms)
			SetupLoadedEditorAssemblies (125ms)
				LogAssemblyErrors (0ms)
				InitializePlatformSupportModulesInManaged (3ms)
				SetLoadedEditorAssemblies (0ms)
				RefreshPlugins (28ms)
				BeforeProcessingInitializeOnLoad (7ms)
				ProcessInitializeOnLoadAttributes (64ms)
				ProcessInitializeOnLoadMethodAttributes (22ms)
				AfterProcessingInitializeOnLoad (0ms)
				EditorAssembliesLoaded (0ms)
			ExecutionOrderSort2 (0ms)
			AwakeInstancesAfterBackupRestoration (0ms)
Platform modules already initialized, skipping
Registering precompiled user dll's ...
Registered in 0.001679 seconds.
Begin MonoManager ReloadAssembly
Native extension for WindowsStandalone target not found
Refreshing native plugins compatible for Editor in 0.33 ms, found 2 plugins.
Preloading 0 native plugins for Editor in 0.00 ms.
Mono: successfully reloaded assembly
- Completed reload, in  0.735 seconds
Domain Reload Profiling:
	ReloadAssembly (735ms)
		BeginReloadAssembly (112ms)
			ExecutionOrderSort (0ms)
			DisableScriptedObjects (4ms)
			BackupInstance (0ms)
			ReleaseScriptingObjects (0ms)
			CreateAndSetChildDomain (17ms)
		EndReloadAssembly (579ms)
			LoadAssemblies (71ms)
			RebuildTransferFunctionScriptingTraits (0ms)
			SetupTypeCache (191ms)
			ReleaseScriptCaches (0ms)
			RebuildScriptCaches (34ms)
			SetupLoadedEditorAssemblies (219ms)
				LogAssemblyErrors (0ms)
				InitializePlatformSupportModulesInManaged (4ms)
				SetLoadedEditorAssemblies (0ms)
				RefreshPlugins (0ms)
				BeforeProcessingInitializeOnLoad (41ms)
				ProcessInitializeOnLoadAttributes (160ms)
				ProcessInitializeOnLoadMethodAttributes (7ms)
				AfterProcessingInitializeOnLoad (6ms)
				EditorAssembliesLoaded (0ms)
			ExecutionOrderSort2 (0ms)
			AwakeInstancesAfterBackupRestoration (6ms)
Platform modules already initialized, skipping
========================================================================
Worker process is ready to serve import requests
Launched and connected shader compiler UnityShaderCompiler.exe after 0.05 seconds
Refreshing native plugins compatible for Editor in 0.29 ms, found 2 plugins.
Preloading 0 native plugins for Editor in 0.00 ms.
Unloading 1651 Unused Serialized files (Serialized files now loaded: 0)
System memory in use before: 105.4 MB.
System memory in use after: 105.1 MB.

Unloading 18 unused Assets to reduce memory usage. Loaded Objects now: 2110.
Total: 2.495800 ms (FindLiveObjects: 0.118000 ms CreateObjectMapping: 0.039500 ms MarkObjects: 2.074700 ms  DeleteObjects: 0.262600 ms)

AssetImportParameters requested are different than current active one (requested -> active):
  custom:framework-win-MediaFoundation: 216162199b28c13a410421893ffa2e32 -> 
  custom:video-decoder-ogg-theora: a1e56fd34408186e4bbccfd4996cb3dc -> 
  custom:container-muxer-webm: aa71ff27fc2769a1b78a27578f13a17b -> 
  custom:container-demuxer-webm: 4f35f7cbe854078d1ac9338744f61a02 -> 
  custom:container-demuxer-ogg: 62fdf1f143b41e24485cea50d1cbac27 -> 
  custom:video-encoder-webm-vp8: eb34c28f22e8b96e1ab97ce403110664 -> 
  custom:video-decoder-webm-vp8: 9c59270c3fd7afecdb556c50c9e8de78 -> 
  custom:audio-decoder-ogg-vorbis: bf7c407c2cedff20999df2af8eb42d56 -> 
  custom:audio-encoder-webm-vorbis: bf7c407c2cedff20999df2af8eb42d56 -> 
========================================================================
Received Import Request.
  path: Assets/NatureStarterKit2/Scripts/Randomizer.cs
  artifactKey: Guid(7fbe83c17e9eeca4cb65578c609dab49) Importer(815301076,1909f56bfc062723c751e8b465ee728b)
Start importing Assets/NatureStarterKit2/Scripts/Randomizer.cs using Guid(7fbe83c17e9eeca4cb65578c609dab49) Importer(815301076,1909f56bfc062723c751e8b465ee728b)  -> (artifact id: '2ade901187b1fa0f2f6ee16c813d07da') in 0.021568 seconds 
========================================================================
Received Import Request.
  Time since last request: 4.727193 seconds.
  path: Assets/NatureStarterKit2/Scripts/RandomTransform.cs
  artifactKey: Guid(dc21df3a90d41574698dad400c09fb2b) Importer(815301076,1909f56bfc062723c751e8b465ee728b)
Start importing Assets/NatureStarterKit2/Scripts/RandomTransform.cs using Guid(dc21df3a90d41574698dad400c09fb2b) Importer(815301076,1909f56bfc062723c751e8b465ee728b)  -> (artifact id: 'ac1513c3b6ddcc180e81f97dccc58fd4') in 0.002087 seconds 
========================================================================
Received Prepare
Registering precompiled user dll's ...
Registered in 0.001609 seconds.
Begin MonoManager ReloadAssembly
Native extension for WindowsStandalone target not found
Refreshing native plugins compatible for Editor in 0.35 ms, found 2 plugins.
Preloading 0 native plugins for Editor in 0.00 ms.
Mono: successfully reloaded assembly
- Completed reload, in  0.710 seconds
Domain Reload Profiling:
	ReloadAssembly (710ms)
		BeginReloadAssembly (86ms)
			ExecutionOrderSort (0ms)
			DisableScriptedObjects (3ms)
			BackupInstance (0ms)
			ReleaseScriptingObjects (0ms)
			CreateAndSetChildDomain (24ms)
		EndReloadAssembly (563ms)
			LoadAssemblies (72ms)
			RebuildTransferFunctionScriptingTraits (0ms)
			SetupTypeCache (195ms)
			ReleaseScriptCaches (1ms)
			RebuildScriptCaches (35ms)
			SetupLoadedEditorAssemblies (195ms)
				LogAssemblyErrors (0ms)
				InitializePlatformSupportModulesInManaged (5ms)
				SetLoadedEditorAssemblies (1ms)
				RefreshPlugins (0ms)
				BeforeProcessingInitializeOnLoad (35ms)
				ProcessInitializeOnLoadAttributes (142ms)
				ProcessInitializeOnLoadMethodAttributes (7ms)
				AfterProcessingInitializeOnLoad (4ms)
				EditorAssembliesLoaded (0ms)
			ExecutionOrderSort2 (0ms)
			AwakeInstancesAfterBackupRestoration (4ms)
Platform modules already initialized, skipping
Refreshing native plugins compatible for Editor in 0.35 ms, found 2 plugins.
Preloading 0 native plugins for Editor in 0.00 ms.
Unloading 1560 Unused Serialized files (Serialized files now loaded: 0)
System memory in use before: 96.8 MB.
System memory in use after: 96.5 MB.

Unloading 13 unused Assets to reduce memory usage. Loaded Objects now: 2112.
Total: 2.830900 ms (FindLiveObjects: 0.153800 ms CreateObjectMapping: 0.051600 ms MarkObjects: 2.344000 ms  DeleteObjects: 0.279800 ms)

AssetImportParameters requested are different than current active one (requested -> active):
  custom:framework-win-MediaFoundation: 216162199b28c13a410421893ffa2e32 -> 
  custom:video-decoder-ogg-theora: a1e56fd34408186e4bbccfd4996cb3dc -> 
  custom:container-muxer-webm: aa71ff27fc2769a1b78a27578f13a17b -> 
  custom:container-demuxer-webm: 4f35f7cbe854078d1ac9338744f61a02 -> 
  custom:container-demuxer-ogg: 62fdf1f143b41e24485cea50d1cbac27 -> 
  custom:video-encoder-webm-vp8: eb34c28f22e8b96e1ab97ce403110664 -> 
  custom:video-decoder-webm-vp8: 9c59270c3fd7afecdb556c50c9e8de78 -> 
  custom:audio-decoder-ogg-vorbis: bf7c407c2cedff20999df2af8eb42d56 -> 
  custom:audio-encoder-webm-vorbis: bf7c407c2cedff20999df2af8eb42d56 -> 
========================================================================
Received Prepare
Registering precompiled user dll's ...
Registered in 0.001890 seconds.
Begin MonoManager ReloadAssembly
Native extension for WindowsStandalone target not found
Refreshing native plugins compatible for Editor in 0.41 ms, found 2 plugins.
Preloading 0 native plugins for Editor in 0.00 ms.
Mono: successfully reloaded assembly
- Completed reload, in  0.668 seconds
Domain Reload Profiling:
	ReloadAssembly (669ms)
		BeginReloadAssembly (86ms)
			ExecutionOrderSort (0ms)
			DisableScriptedObjects (3ms)
			BackupInstance (0ms)
			ReleaseScriptingObjects (0ms)
			CreateAndSetChildDomain (24ms)
		EndReloadAssembly (540ms)
			LoadAssemblies (69ms)
			RebuildTransferFunctionScriptingTraits (0ms)
			SetupTypeCache (185ms)
			ReleaseScriptCaches (1ms)
			RebuildScriptCaches (28ms)
			SetupLoadedEditorAssemblies (198ms)
				LogAssemblyErrors (0ms)
				InitializePlatformSupportModulesInManaged (4ms)
				SetLoadedEditorAssemblies (1ms)
				RefreshPlugins (0ms)
				BeforeProcessingInitializeOnLoad (35ms)
				ProcessInitializeOnLoadAttributes (146ms)
				ProcessInitializeOnLoadMethodAttributes (7ms)
				AfterProcessingInitializeOnLoad (5ms)
				EditorAssembliesLoaded (0ms)
			ExecutionOrderSort2 (0ms)
			AwakeInstancesAfterBackupRestoration (5ms)
Platform modules already initialized, skipping
Refreshing native plugins compatible for Editor in 0.31 ms, found 2 plugins.
Preloading 0 native plugins for Editor in 0.00 ms.
Unloading 1560 Unused Serialized files (Serialized files now loaded: 0)
System memory in use before: 96.7 MB.
System memory in use after: 96.5 MB.

Unloading 13 unused Assets to reduce memory usage. Loaded Objects now: 2114.
Total: 2.302300 ms (FindLiveObjects: 0.107400 ms CreateObjectMapping: 0.030200 ms MarkObjects: 1.902600 ms  DeleteObjects: 0.261400 ms)

AssetImportParameters requested are different than current active one (requested -> active):
  custom:framework-win-MediaFoundation: 216162199b28c13a410421893ffa2e32 -> 
  custom:video-decoder-ogg-theora: a1e56fd34408186e4bbccfd4996cb3dc -> 
  custom:container-muxer-webm: aa71ff27fc2769a1b78a27578f13a17b -> 
  custom:container-demuxer-webm: 4f35f7cbe854078d1ac9338744f61a02 -> 
  custom:container-demuxer-ogg: 62fdf1f143b41e24485cea50d1cbac27 -> 
  custom:video-encoder-webm-vp8: eb34c28f22e8b96e1ab97ce403110664 -> 
  custom:video-decoder-webm-vp8: 9c59270c3fd7afecdb556c50c9e8de78 -> 
  custom:audio-decoder-ogg-vorbis: bf7c407c2cedff20999df2af8eb42d56 -> 
  custom:audio-encoder-webm-vorbis: bf7c407c2cedff20999df2af8eb42d56 -> 
========================================================================
Received Import Request.
  Time since last request: 92.447729 seconds.
  path: Assets/Snapshots/snap_2048x2048_1_Main Camera (1)_17_2022-07-20_17-12-52.png
  artifactKey: Guid(e01ed0ea811bd994a908395d0745d949) Importer(815301076,1909f56bfc062723c751e8b465ee728b)
Start importing Assets/Snapshots/snap_2048x2048_1_Main Camera (1)_17_2022-07-20_17-12-52.png using Guid(e01ed0ea811bd994a908395d0745d949) Importer(815301076,1909f56bfc062723c751e8b465ee728b)  -> (artifact id: 'c4ef37b9689f2c4ccc420972694b83b7') in 0.066733 seconds 
========================================================================
Received Import Request.
  Time since last request: 0.000329 seconds.
  path: Assets/Snapshots/snap_2048x2048_2_Main Camera Preview_91_2022-07-20_17-12-56.png
  artifactKey: Guid(880eca115fec0da4eb1a8c3745e24366) Importer(815301076,1909f56bfc062723c751e8b465ee728b)
Start importing Assets/Snapshots/snap_2048x2048_2_Main Camera Preview_91_2022-07-20_17-12-56.png using Guid(880eca115fec0da4eb1a8c3745e24366) Importer(815301076,1909f56bfc062723c751e8b465ee728b)  -> (artifact id: '98ddb76b2b63293473351034021277ec') in 0.018438 seconds 
========================================================================
Received Import Request.
  Time since last request: 0.000239 seconds.
  path: Assets/Snapshots/snap_2048x2048_2_Main Camera (1)_7_2022-07-20_17-12-55.png
  artifactKey: Guid(905743a34a0a6c84cbca2c60a3b3dd41) Importer(815301076,1909f56bfc062723c751e8b465ee728b)
Start importing Assets/Snapshots/snap_2048x2048_2_Main Camera (1)_7_2022-07-20_17-12-55.png using Guid(905743a34a0a6c84cbca2c60a3b3dd41) Importer(815301076,1909f56bfc062723c751e8b465ee728b)  -> (artifact id: '1f0a0922866de349ac814c8abf3ce0f5') in 0.054914 seconds 
========================================================================
Received Import Request.
  Time since last request: 0.000313 seconds.
  path: Assets/Snapshots/snap_2048x2048_2_Main Camera (1)_43_2022-07-20_17-12-56.png
  artifactKey: Guid(6f9e6754cd414bf4ca2fd6a103e41dfa) Importer(815301076,1909f56bfc062723c751e8b465ee728b)
Start importing Assets/Snapshots/snap_2048x2048_2_Main Camera (1)_43_2022-07-20_17-12-56.png using Guid(6f9e6754cd414bf4ca2fd6a103e41dfa) Importer(815301076,1909f56bfc062723c751e8b465ee728b)  -> (artifact id: '6f686b2e07de7b10a8b0fe5eba919ecb') in 0.012761 seconds 
========================================================================
Received Import Request.
  Time since last request: 0.000293 seconds.
  path: Assets/Snapshots/snap_2048x2048_3_Main Camera (1)_8_2022-07-20_17-12-59.png
  artifactKey: Guid(5c442631c4903af43a939e765d7617a5) Importer(815301076,1909f56bfc062723c751e8b465ee728b)
Start importing Assets/Snapshots/snap_2048x2048_3_Main Camera (1)_8_2022-07-20_17-12-59.png using Guid(5c442631c4903af43a939e765d7617a5) Importer(815301076,1909f56bfc062723c751e8b465ee728b)  -> (artifact id: '666e47c0a824151ca1a32d143744088d') in 0.057400 seconds 
========================================================================
Received Import Request.
  Time since last request: 0.000434 seconds.
  path: Assets/Snapshots/snap_2048x2048_1_Main Camera Preview_83_2022-07-20_17-12-52.png
  artifactKey: Guid(5bd7734cbca414049ab85476da05e071) Importer(815301076,1909f56bfc062723c751e8b465ee728b)
Start importing Assets/Snapshots/snap_2048x2048_1_Main Camera Preview_83_2022-07-20_17-12-52.png using Guid(5bd7734cbca414049ab85476da05e071) Importer(815301076,1909f56bfc062723c751e8b465ee728b)  -> (artifact id: '2e3969aaa51a1b2beccff337a63770e7') in 0.017429 seconds 
========================================================================
Received Import Request.
  Time since last request: 0.000407 seconds.
  path: Assets/Snapshots/snap_2048x2048_3_Main Camera (1)_7_2022-07-20_17-12-59.png
  artifactKey: Guid(ca072436e385ba9438715b7825f47ec8) Importer(815301076,1909f56bfc062723c751e8b465ee728b)
Start importing Assets/Snapshots/snap_2048x2048_3_Main Camera (1)_7_2022-07-20_17-12-59.png using Guid(ca072436e385ba9438715b7825f47ec8) Importer(815301076,1909f56bfc062723c751e8b465ee728b)  -> (artifact id: 'f3d7c648cd229200d2717228cfe0d2ab') in 0.049934 seconds 
========================================================================
Received Import Request.
  Time since last request: 0.000454 seconds.
  path: Assets/Snapshots/snap_2048x2048_3_Main Camera Preview_24_2022-07-20_17-12-59.png
  artifactKey: Guid(d1fa6fdd0ec5cde4686596a08786f98c) Importer(815301076,1909f56bfc062723c751e8b465ee728b)
Start importing Assets/Snapshots/snap_2048x2048_3_Main Camera Preview_24_2022-07-20_17-12-59.png using Guid(d1fa6fdd0ec5cde4686596a08786f98c) Importer(815301076,1909f56bfc062723c751e8b465ee728b)  -> (artifact id: '10e633775bb31f2f56f60b7df33961dc') in 0.020850 seconds 
========================================================================
Received Import Request.
  Time since last request: 0.000630 seconds.
  path: Assets/Snapshots/snap_2048x2048_3_Main Camera (1)_4_2022-07-20_17-12-58.png
  artifactKey: Guid(3714b6bcd7d45dd41bfbd74d5330517b) Importer(815301076,1909f56bfc062723c751e8b465ee728b)
Start importing Assets/Snapshots/snap_2048x2048_3_Main Camera (1)_4_2022-07-20_17-12-58.png using Guid(3714b6bcd7d45dd41bfbd74d5330517b) Importer(815301076,1909f56bfc062723c751e8b465ee728b)  -> (artifact id: 'b29d11269a09df4916a84dd631195fff') in 0.035999 seconds 
========================================================================
Received Import Request.
  Time since last request: 0.000541 seconds.
  path: Assets/Snapshots/snap_2048x2048_2_Main Camera (1)_24_2022-07-20_17-12-56.png
  artifactKey: Guid(9f4655cb31ec3064e84de6726e3d7bd6) Importer(815301076,1909f56bfc062723c751e8b465ee728b)
Start importing Assets/Snapshots/snap_2048x2048_2_Main Camera (1)_24_2022-07-20_17-12-56.png using Guid(9f4655cb31ec3064e84de6726e3d7bd6) Importer(815301076,1909f56bfc062723c751e8b465ee728b)  -> (artifact id: '812f0d5e5fe14721fc9423106db64ea2') in 0.022199 seconds 
========================================================================
Received Import Request.
  Time since last request: 0.000369 seconds.
  path: Assets/Snapshots/snap_2048x2048_1_Main Camera (1)_32_2022-07-20_17-12-52.png
  artifactKey: Guid(49b7505ccf6f96e409426f120b6da482) Importer(815301076,1909f56bfc062723c751e8b465ee728b)
Start importing Assets/Snapshots/snap_2048x2048_1_Main Camera (1)_32_2022-07-20_17-12-52.png using Guid(49b7505ccf6f96e409426f120b6da482) Importer(815301076,1909f56bfc062723c751e8b465ee728b)  -> (artifact id: '9820bd68bec1972d47b181dec6ccd8c0') in 0.036704 seconds 
========================================================================
Received Import Request.
  Time since last request: 0.000462 seconds.
  path: Assets/Snapshots/snap_2048x2048_1_Main Camera (1)_55_2022-07-20_17-12-51.png
  artifactKey: Guid(960517c82f51b0a418824e6db346dd52) Importer(815301076,1909f56bfc062723c751e8b465ee728b)
Start importing Assets/Snapshots/snap_2048x2048_1_Main Camera (1)_55_2022-07-20_17-12-51.png using Guid(960517c82f51b0a418824e6db346dd52) Importer(815301076,1909f56bfc062723c751e8b465ee728b)  -> (artifact id: 'ee75c968a17841bc90d748b185d7a93f') in 0.019821 seconds 
